<?xml version="1.0" encoding="UTF-8"?>
<testsuite xmlns:xsi="http://www.w3.org/2001/XMLSchema-instance" xsi:noNamespaceSchemaLocation="https://maven.apache.org/surefire/maven-surefire-plugin/xsd/surefire-test-report.xsd" version="3.0.2" name="com.aula.clase4.Ejemplo.EjemploClase4.EjemploClase4ApplicationTests" time="16.047" tests="1" errors="0" skipped="0" failures="0">
  <properties>
[...]
</properties>
  <testcase name="contextLoads" classname="com.aula.clase4.Ejemplo.EjemploClase4.EjemploClase4ApplicationTests" time="1.076">
    <system-out><![CDATA[03:10:47.482 [main] INFO org.springframework.test.context.support.AnnotationConfigContextLoaderUtils -- Could not detect default configuration classes for test class [com.aula.clase4.Ejemplo.EjemploClase4.EjemploClase4ApplicationTests]: EjemploClase4ApplicationTests does not declare any static, non-private, non-final, nested classes annotated with @Configuration.
03:10:47.737 [main] INFO org.springframework.boot.test.context.SpringBootTestContextBootstrapper -- Found @SpringBootConfiguration com.aula.clase4.Ejemplo.EjemploClase4.EjemploClase4Application for test class com.aula.clase4.Ejemplo.EjemploClase4.EjemploClase4ApplicationTests

  .   ____          _            __ _ _
 /\\ / ___'_ __ _ _(_)_ __  __ _ \ \ \ \
( ( )\___ | '_ | '_| | '_ \/ _` | \ \ \ \
 \\/  ___)| |_)| | | | | || (_| |  ) ) ) )
  '  |____| .__|_| |_|_| |_\__, | / / / /
 =========|_|==============|___/=/_/_/_/

 :: Spring Boot ::                (v3.4.3)

2025-03-15T03:10:48.871-05:00  INFO 25472 --- [EjemploClase4] [           main] c.a.c.E.E.EjemploClase4ApplicationTests  : Starting EjemploClase4ApplicationTests using Java 17.0.11 with PID 25472 (started by KATTY in C:\Users\KATTY\Desktop\git\SpringClase4EjemploCompleto - copia)
2025-03-15T03:10:48.874-05:00  INFO 25472 --- [EjemploClase4] [           main] c.a.c.E.E.EjemploClase4ApplicationTests  : No active profile set, falling back to 1 default profile: "default"
2025-03-15T03:10:51.412-05:00  INFO 25472 --- [EjemploClase4] [           main] .s.d.r.c.RepositoryConfigurationDelegate : Bootstrapping Spring Data JPA repositories in DEFAULT mode.
2025-03-15T03:10:51.604-05:00  INFO 25472 --- [EjemploClase4] [           main] .s.d.r.c.RepositoryConfigurationDelegate : Finished Spring Data repository scanning in 165 ms. Found 1 JPA repository interface.
2025-03-15T03:10:52.781-05:00  INFO 25472 --- [EjemploClase4] [           main] o.hibernate.jpa.internal.util.LogHelper  : HHH000204: Processing PersistenceUnitInfo [name: default]
2025-03-15T03:10:53.020-05:00  INFO 25472 --- [EjemploClase4] [           main] org.hibernate.Version                    : HHH000412: Hibernate ORM core version 6.6.8.Final
2025-03-15T03:10:53.132-05:00  INFO 25472 --- [EjemploClase4] [           main] o.h.c.internal.RegionFactoryInitiator    : HHH000026: Second-level cache disabled
2025-03-15T03:10:54.109-05:00  INFO 25472 --- [EjemploClase4] [           main] o.s.o.j.p.SpringPersistenceUnitInfo      : No LoadTimeWeaver setup: ignoring JPA class transformer
2025-03-15T03:10:54.228-05:00  INFO 25472 --- [EjemploClase4] [           main] com.zaxxer.hikari.HikariDataSource       : HikariPool-1 - Starting...
2025-03-15T03:10:56.211-05:00  INFO 25472 --- [EjemploClase4] [           main] com.zaxxer.hikari.pool.HikariPool        : HikariPool-1 - Added connection com.mysql.cj.jdbc.ConnectionImpl@4ed19b69
2025-03-15T03:10:56.214-05:00  INFO 25472 --- [EjemploClase4] [           main] com.zaxxer.hikari.HikariDataSource       : HikariPool-1 - Start completed.
2025-03-15T03:10:56.420-05:00  WARN 25472 --- [EjemploClase4] [           main] org.hibernate.orm.deprecation            : HHH90000025: MySQL8Dialect does not need to be specified explicitly using 'hibernate.dialect' (remove the property setting and it will be selected by default)
2025-03-15T03:10:56.427-05:00  WARN 25472 --- [EjemploClase4] [           main] org.hibernate.orm.deprecation            : HHH90000026: MySQL8Dialect has been deprecated; use org.hibernate.dialect.MySQLDialect instead
2025-03-15T03:10:56.480-05:00  INFO 25472 --- [EjemploClase4] [           main] org.hibernate.orm.connections.pooling    : HHH10001005: Database info:
	Database JDBC URL [Connecting through datasource 'HikariDataSource (HikariPool-1)']
	Database driver: undefined/unknown
	Database version: 8.0
	Autocommit mode: undefined/unknown
	Isolation level: undefined/unknown
	Minimum pool size: undefined/unknown
	Maximum pool size: undefined/unknown
2025-03-15T03:10:58.745-05:00  INFO 25472 --- [EjemploClase4] [           main] o.h.e.t.j.p.i.JtaPlatformInitiator       : HHH000489: No JTA platform available (set 'hibernate.transaction.jta.platform' to enable JTA platform integration)
Hibernate: drop table if exists movimientos
Hibernate: create table movimientos (id integer not null auto_increment, archivo varchar(12), usuario varchar(12), descripcion varchar(100), fecha varchar(255), primary key (id)) engine=InnoDB
2025-03-15T03:10:59.449-05:00  INFO 25472 --- [EjemploClase4] [           main] j.LocalContainerEntityManagerFactoryBean : Initialized JPA EntityManagerFactory for persistence unit 'default'
2025-03-15T03:11:00.934-05:00  WARN 25472 --- [EjemploClase4] [           main] JpaBaseConfiguration$JpaWebConfiguration : spring.jpa.open-in-view is enabled by default. Therefore, database queries may be performed during view rendering. Explicitly configure spring.jpa.open-in-view to disable this warning
2025-03-15T03:11:02.080-05:00  INFO 25472 --- [EjemploClase4] [           main] c.a.c.E.E.EjemploClase4ApplicationTests  : Started EjemploClase4ApplicationTests in 13.908 seconds (process running for 16.112)
]]></system-out>
  </testcase>
</testsuite>